2021-02-24 12:30:41.585 TRACE srinivas
			LTPCHE032374266 --- [  restartedMain] o.s.b.BeanUtils                          :
			No property editor [org.springframework.boot.logging.LogLevelEditor] found for type org.springframework.boot.logging.LogLevel according to 'Editor' suffix convention
2021-02-24 12:30:41.747  INFO srinivas
			LTPCHE032374266 --- [  restartedMain] c.l.l.LoggerDemoApplication              :
			Starting LoggerDemoApplication using Java 1.8.0_281 on LTPCHE032374266 with PID 21456 (C:\Users\srinivasan.r\Documents\workspace-spring-tool-suite-4-4.9.0.RELEASE\logger-demo\target\classes started by srinivasan.r in C:\Users\srinivasan.r\Documents\workspace-spring-tool-suite-4-4.9.0.RELEASE\logger-demo)
2021-02-24 12:30:41.755 DEBUG srinivas
			LTPCHE032374266 --- [  restartedMain] c.l.l.LoggerDemoApplication              :
			Running with Spring Boot v2.4.3, Spring v5.3.4
2021-02-24 12:30:41.756  INFO srinivas
			LTPCHE032374266 --- [  restartedMain] c.l.l.LoggerDemoApplication              :
			No active profile set, falling back to default profiles: default
2021-02-24 12:30:41.816  INFO srinivas
			LTPCHE032374266 --- [  restartedMain] .e.DevToolsPropertyDefaultsPostProcessor :
			Devtools property defaults active! Set 'spring.devtools.add-properties' to 'false' to disable
2021-02-24 12:30:41.817  INFO srinivas
			LTPCHE032374266 --- [  restartedMain] .e.DevToolsPropertyDefaultsPostProcessor :
			For additional web related logging consider setting the 'logging.level.web' property to 'DEBUG'
2021-02-24 12:30:43.417  INFO srinivas
			LTPCHE032374266 --- [  restartedMain] o.s.b.w.e.t.TomcatWebServer              :
			Tomcat initialized with port(s): 8080 (http)
2021-02-24 12:30:43.442  INFO srinivas
			LTPCHE032374266 --- [  restartedMain] o.a.c.h.Http11NioProtocol                :
			Initializing ProtocolHandler ["http-nio-8080"]
2021-02-24 12:30:43.443  INFO srinivas
			LTPCHE032374266 --- [  restartedMain] o.a.c.c.StandardService                  :
			Starting service [Tomcat]
2021-02-24 12:30:43.443  INFO srinivas
			LTPCHE032374266 --- [  restartedMain] o.a.c.c.StandardEngine                   :
			Starting Servlet engine: [Apache Tomcat/9.0.43]
2021-02-24 12:30:43.643  INFO srinivas
			LTPCHE032374266 --- [  restartedMain] o.a.c.c.C.[.[.[/]                        :
			Initializing Spring embedded WebApplicationContext
2021-02-24 12:30:43.644  INFO srinivas
			LTPCHE032374266 --- [  restartedMain] w.s.c.ServletWebServerApplicationContext :
			Root WebApplicationContext: initialization completed in 1827 ms
2021-02-24 12:30:43.711 DEBUG srinivas
			LTPCHE032374266 --- [  restartedMain] i.m.c.u.i.l.InternalLoggerFactory        :
			Using SLF4J as the default logging framework
2021-02-24 12:30:44.096  INFO srinivas
			LTPCHE032374266 --- [  restartedMain] o.s.s.c.ThreadPoolTaskExecutor           :
			Initializing ExecutorService 'applicationTaskExecutor'
2021-02-24 12:30:44.623  INFO srinivas
			LTPCHE032374266 --- [  restartedMain] o.s.b.d.a.OptionalLiveReloadServer       :
			LiveReload server is running on port 35729
2021-02-24 12:30:44.634  INFO srinivas
			LTPCHE032374266 --- [  restartedMain] o.s.b.a.e.w.EndpointLinksResolver        :
			Exposing 2 endpoint(s) beneath base path '/actuator'
2021-02-24 12:30:44.669  INFO srinivas
			LTPCHE032374266 --- [  restartedMain] o.a.c.h.Http11NioProtocol                :
			Starting ProtocolHandler ["http-nio-8080"]
2021-02-24 12:30:44.695  INFO srinivas
			LTPCHE032374266 --- [  restartedMain] o.s.b.w.e.t.TomcatWebServer              :
			Tomcat started on port(s): 8080 (http) with context path ''
2021-02-24 12:30:44.718  INFO srinivas
			LTPCHE032374266 --- [  restartedMain] c.l.l.LoggerDemoApplication              :
			Started LoggerDemoApplication in 3.715 seconds (JVM running for 6.215)
2021-02-24 12:30:44.727 DEBUG srinivas
			LTPCHE032374266 --- [  restartedMain] c.l.l.LoggerDemoApplication              :
			Debugging log
2021-02-24 12:30:44.727  INFO srinivas
			LTPCHE032374266 --- [  restartedMain] c.l.l.LoggerDemoApplication              :
			Info log
2021-02-24 12:30:44.727  WARN srinivas
			LTPCHE032374266 --- [  restartedMain] c.l.l.LoggerDemoApplication              :
			Hey, This is a warning!
2021-02-24 12:30:44.728 ERROR srinivas
			LTPCHE032374266 --- [  restartedMain] c.l.l.LoggerDemoApplication              :
			Oops! We have an Error. OK
2021-02-24 12:30:44.728 FATAL srinivas
			LTPCHE032374266 --- [  restartedMain] c.l.l.LoggerDemoApplication              :
			Damn! Fatal error. Please fix me.
2021-02-24 12:30:44.730  INFO srinivas
			LTPCHE032374266 --- [  restartedMain] c.l.l.LoggerDemoApplication              :
			App Started- testing logger.....
2021-02-24 12:30:44.730 DEBUG srinivas
			LTPCHE032374266 --- [  restartedMain] c.l.l.LoggerDemoApplication              :
			App Started- testing logger.....
2021-02-24 12:30:44.730 TRACE srinivas
			LTPCHE032374266 --- [  restartedMain] c.l.l.LoggerDemoApplication              :
			App Started- testing logger.....
2021-02-24 12:30:44.730 ERROR srinivas
			LTPCHE032374266 --- [  restartedMain] c.l.l.LoggerDemoApplication              :
			App Started- testing logger.....
2021-02-24 12:30:44.730  WARN srinivas
			LTPCHE032374266 --- [  restartedMain] c.l.l.LoggerDemoApplication              :
			App Started- testing logger.....
2021-02-24 12:30:44.730 FATAL srinivas
			LTPCHE032374266 --- [  restartedMain] c.l.l.LoggerDemoApplication              :
			App Started- testing logger.....
2021-02-24 12:30:45.554  INFO srinivas
			LTPCHE032374266 --- [on(3)-127.0.0.1] o.a.c.c.C.[.[.[/]                        :
			Initializing Spring DispatcherServlet 'dispatcherServlet'
2021-02-24 12:30:45.555  INFO srinivas
			LTPCHE032374266 --- [on(3)-127.0.0.1] o.s.w.s.DispatcherServlet                :
			Initializing Servlet 'dispatcherServlet'
2021-02-24 12:30:45.556  INFO srinivas
			LTPCHE032374266 --- [on(3)-127.0.0.1] o.s.w.s.DispatcherServlet                :
			Completed initialization in 1 ms
2021-02-24 12:33:10.334  INFO srinivas
			LTPCHE032374266 --- [n(12)-127.0.0.1] inMXBeanRegistrar$SpringApplicationAdmin :
			Application shutdown requested.
2021-02-24 12:33:10.957  INFO srinivas
			LTPCHE032374266 --- [n(12)-127.0.0.1] o.s.s.c.ThreadPoolTaskExecutor           :
			Shutting down ExecutorService 'applicationTaskExecutor'
